<?xml version="1.0" encoding="UTF-8"?>
<testng-results skipped="0" failed="0" ignored="0" total="1" passed="1">
  <reporter-output>
  </reporter-output>
  <suite name="Default suite" duration-ms="6579" started-at="2018-03-25T01:54:50Z" finished-at="2018-03-25T01:54:56Z">
    <groups>
    </groups>
    <test name="Default test" duration-ms="6579" started-at="2018-03-25T01:54:50Z" finished-at="2018-03-25T01:54:56Z">
      <class name="mywebapp.NewTest">
        <test-method status="PASS" signature="verifyHomepageTitle()[pri:0, instance:mywebapp.NewTest@c038203]" name="verifyHomepageTitle" duration-ms="6560" started-at="2018-03-25T01:54:50Z" finished-at="2018-03-25T01:54:56Z">
          <reporter-output>
          </reporter-output>
        </test-method> <!-- verifyHomepageTitle -->
      </class> <!-- mywebapp.NewTest -->
    </test> <!-- Default test -->
  </suite> <!-- Default suite -->
</testng-results>
